[0.277s] Invoking command in '/home/osawakousei/ros2_ws/build/android_controll_test': CMAKE_PREFIX_PATH=${CMAKE_PREFIX_PATH}:/opt/ros/humble /usr/bin/cmake --build /home/osawakousei/ros2_ws/build/android_controll_test -- -j8 -l8
[0.691s] [  3%] Built target android_controll_test__cpp
[0.810s] [ 12%] Built target android_controll_test__rosidl_generator_c
[0.967s] [ 12%] Built target ament_cmake_python_copy_android_controll_test
[1.286s] [ 27%] Built target android_controll_test__rosidl_typesupport_cpp
[1.294s] [ 30%] Built target android_controll_test__rosidl_typesupport_introspection_cpp
[1.368s] [ 39%] Built target android_controll_test__rosidl_typesupport_introspection_c
[1.377s] [ 48%] Built target android_controll_test__rosidl_typesupport_fastrtps_c
[1.377s] [ 57%] Built target android_controll_test__rosidl_typesupport_fastrtps_cpp
[1.414s] [ 66%] Built target android_controll_test__rosidl_typesupport_c
[1.644s] [ 69%] [32mBuilding CXX object CMakeFiles/connecter_node.dir/src/connecter_node.cpp.o[0m
[1.801s] [ 69%] Built target android_controll_test
[2.033s] [ 72%] Built target android_controll_test__py
[2.314s] [ 78%] Built target android_controll_test__rosidl_generator_py
[2.645s] [ 84%] Built target android_controll_test__rosidl_typesupport_introspection_c__pyext
[2.647s] [ 90%] Built target android_controll_test__rosidl_typesupport_fastrtps_c__pyext
[2.696s] [ 96%] Built target android_controll_test__rosidl_typesupport_c__pyext
[3.012s] running egg_info
[3.015s] writing android_controll_test.egg-info/PKG-INFO
[3.018s] writing dependency_links to android_controll_test.egg-info/dependency_links.txt
[3.021s] writing top-level names to android_controll_test.egg-info/top_level.txt
[3.035s] reading manifest file 'android_controll_test.egg-info/SOURCES.txt'
[3.038s] writing manifest file 'android_controll_test.egg-info/SOURCES.txt'
[3.139s] [ 96%] Built target ament_cmake_python_build_android_controll_test_egg
[3.202s] [01m[K/home/osawakousei/ros2_ws/src/android_controll_test/src/connecter_node.cpp:9:10:[m[K [01;31m[Kfatal error: [m[Kcustom_test_msgs/srv/add_three_ints.hpp: „Åù„ÅÆ„Çà„ÅÜ„Å™„Éï„Ç°„Ç§„É´„ÇÑ„Éá„Ç£„É¨„ÇØ„Éà„É™„ÅØ„ÅÇ„Çä„Åæ„Åõ„Çì
[3.202s]     9 | #include [01;31m[K"custom_test_msgs/srv/add_three_ints.hpp"[m[K
[3.202s]       |          [01;31m[K^~~~~~~~~~~~~~~~~~~~~~~~~~~~~~~~~~~~~~~~~[m[K
[3.203s] compilation terminated.
[3.209s] gmake[2]: *** [CMakeFiles/connecter_node.dir/build.make:76: CMakeFiles/connecter_node.dir/src/connecter_node.cpp.o] „Ç®„É©„Éº 1
[3.210s] gmake[1]: *** [CMakeFiles/Makefile2:593: CMakeFiles/connecter_node.dir/all] „Ç®„É©„Éº 2
[3.211s] gmake: *** [Makefile:146: all] „Ç®„É©„Éº 2
[3.217s] Invoked command in '/home/osawakousei/ros2_ws/build/android_controll_test' returned '2': CMAKE_PREFIX_PATH=${CMAKE_PREFIX_PATH}:/opt/ros/humble /usr/bin/cmake --build /home/osawakousei/ros2_ws/build/android_controll_test -- -j8 -l8
