-- Found ament_cmake: 1.3.5 (/opt/ros/humble/share/ament_cmake/cmake)
-- Found rclcpp: 16.0.6 (/opt/ros/humble/share/rclcpp/cmake)
-- Found rosidl_generator_c: 3.1.5 (/opt/ros/humble/share/rosidl_generator_c/cmake)
-- Found rosidl_adapter: 3.1.5 (/opt/ros/humble/share/rosidl_adapter/cmake)
-- Found rosidl_generator_cpp: 3.1.5 (/opt/ros/humble/share/rosidl_generator_cpp/cmake)
-- Using all available rosidl_typesupport_c: rosidl_typesupport_fastrtps_c;rosidl_typesupport_introspection_c
-- Using all available rosidl_typesupport_cpp: rosidl_typesupport_fastrtps_cpp;rosidl_typesupport_introspection_cpp
-- Found rmw_implementation_cmake: 6.1.1 (/opt/ros/humble/share/rmw_implementation_cmake/cmake)
-- Found rmw_fastrtps_cpp: 6.2.4 (/opt/ros/humble/share/rmw_fastrtps_cpp/cmake)
-- Using RMW implementation 'rmw_fastrtps_cpp' as default
-- Found rosidl_default_generators: 1.2.0 (/home/osawakousei/ros2_ws/install/rosidl_default_generators/share/rosidl_default_generators/cmake)
-- Found custom_test_msgs: 0.0.0 (/home/osawakousei/ros2_ws/install/custom_test_msgs/share/custom_test_msgs/cmake)
-- Found custom_message_unity: 0.0.0 (/home/osawakousei/ros2_ws/install/custom_message_unity/share/custom_message_unity/cmake)
-- Found ament_lint_auto: 0.12.8 (/opt/ros/humble/share/ament_lint_auto/cmake)
-- Found ament_cmake_ros: 0.10.0 (/opt/ros/humble/share/ament_cmake_ros/cmake)
-- Using all available rosidl_typesupport_c: rosidl_typesupport_fastrtps_c;rosidl_typesupport_introspection_c
-- Using all available rosidl_typesupport_cpp: rosidl_typesupport_fastrtps_cpp;rosidl_typesupport_introspection_cpp
-- Found ament_cmake_export_assemblies: 0.0.0 (/home/osawakousei/ros2_ws/install/ament_cmake_export_assemblies/share/ament_cmake_export_assemblies/cmake)
-- Found dotnet_cmake_module: 0.0.0 (/home/osawakousei/ros2_ws/install/dotnet_cmake_module/share/dotnet_cmake_module/cmake)
-- Found .NET Core: 6.0.122
-- Using Framework: netstandard2.0
-- Using Framework: netstandard2.0
-- Using Runtime: linux-x64
-- Found ros2cs_common: 2.0.0 (/home/osawakousei/ros2_ws/install/ros2cs_common/share/ros2cs_common/cmake)
-- Generating C# code for ROS interfaces /home/osawakousei/ros2_ws/src/android_controll_test/build/android_controll_test/rosidl_generator_cs/android_controll_test/msg/custom_unity.cs and /home/osawakousei/ros2_ws/src/android_controll_test/build/android_controll_test/rosidl_generator_cs/android_controll_test/srv/add_three_ints.cs
-- Adding custom target
[0mLink libraries: android_controll_test__rosidl_typesupport_c[0m
[0mLink libraries: android_controll_test__rosidl_typesupport_introspection_c[0m
[0mLink libraries: android_controll_test__rosidl_typesupport_fastrtps_c[0m
[0mLink libraries: android_controll_test__rosidl_typesupport_c[0m
[0mLink libraries: android_controll_test__rosidl_typesupport_introspection_c[0m
[0mLink libraries: android_controll_test__rosidl_typesupport_fastrtps_c[0m
[0mInstall targets[0m
-- Found python_cmake_module: 0.10.0 (/opt/ros/humble/share/python_cmake_module/cmake)
-- Using PYTHON_EXECUTABLE: /usr/bin/python3
-- Using PYTHON_INCLUDE_DIRS: /usr/include/python3.10
-- Using PYTHON_LIBRARIES: /usr/lib/x86_64-linux-gnu/libpython3.10.so
-- Added test 'cppcheck' to perform static code analysis on C / C++ code
-- Configured cppcheck include dirs: $<BUILD_INTERFACE:/home/osawakousei/ros2_ws/src/android_controll_test/build/android_controll_test/rosidl_generator_c>;$<BUILD_INTERFACE:/home/osawakousei/ros2_ws/src/android_controll_test/build/android_controll_test/rosidl_typesupport_fastrtps_c>;$<BUILD_INTERFACE:/home/osawakousei/ros2_ws/src/android_controll_test/build/android_controll_test/rosidl_generator_cpp>;$<BUILD_INTERFACE:/home/osawakousei/ros2_ws/src/android_controll_test/build/android_controll_test/rosidl_typesupport_fastrtps_cpp>;$<BUILD_INTERFACE:/home/osawakousei/ros2_ws/src/android_controll_test/build/android_controll_test/rosidl_typesupport_introspection_c>;$<BUILD_INTERFACE:/home/osawakousei/ros2_ws/src/android_controll_test/build/android_controll_test/rosidl_typesupport_introspection_cpp>;/home/osawakousei/ros2_ws/src/android_controll_test/build/android_controll_test/rosidl_generator_c;/home/osawakousei/ros2_ws/src/android_controll_test/build/android_controll_test/rosidl_generator_cs;/home/osawakousei/ros2_ws/src/android_controll_test/build/android_controll_test/rosidl_generator_py
-- Configured cppcheck exclude dirs and/or files: 
-- Added test 'flake8' to check Python code syntax and style conventions
-- Added test 'lint_cmake' to check CMake code style
-- Added test 'pep257' to check Python code against some of the docstring style conventions in PEP 257
-- Added test 'uncrustify' to check C / C++ code style
-- Configured uncrustify additional arguments: 
-- Added test 'xmllint' to check XML markup files
-- Configuring done
-- Generating done
-- Build files have been written to: /home/osawakousei/ros2_ws/src/android_controll_test/build/android_controll_test
[  1%] [34m[1mGenerating C code for ROS interfaces[0m
[  2%] [34m[1mGenerating C++ code for ROS interfaces[0m
[  4%] [34m[1mGenerating C# code for ROS interfaces[0m
[  4%] Built target ament_cmake_python_copy_android_controll_test
[  4%] Built target android_controll_test__cpp
[  5%] [32mBuilding C object CMakeFiles/android_controll_test__rosidl_generator_c.dir/rosidl_generator_c/android_controll_test/msg/detail/custom_unity__functions.c.o[0m
[  7%] [32mBuilding C object CMakeFiles/android_controll_test__rosidl_generator_c.dir/rosidl_generator_c/android_controll_test/srv/detail/add_three_ints__functions.c.o[0m
[  8%] [34m[1mGenerating C++ type support dispatch for ROS interfaces[0m
[ 10%] [34m[1mGenerating C++ type support for eProsima Fast-RTPS[0m
[ 11%] [34m[1mGenerating C++ introspection for ROS interfaces[0m
[ 11%] Built target android_controll_test__cs
[ 13%] [34m[1m/usr/bin/cmake;-version;/usr/bin/dotnet restore android_controll_test_assembly_dotnetcore.csproj;          /usr/bin/dotnet build android_controll_test_assembly_dotnetcore.csproj -> /home/osawakousei/ros2_ws/src/android_controll_test/build/android_controll_test/android_controll_test_assembly[0m
running egg_info
creating android_controll_test.egg-info
writing android_controll_test.egg-info/PKG-INFO
writing dependency_links to android_controll_test.egg-info/dependency_links.txt
writing top-level names to android_controll_test.egg-info/top_level.txt
writing manifest file 'android_controll_test.egg-info/SOURCES.txt'
reading manifest file 'android_controll_test.egg-info/SOURCES.txt'
writing manifest file 'android_controll_test.egg-info/SOURCES.txt'
[ 14%] [32m[1mLinking C shared library libandroid_controll_test__rosidl_generator_c.so[0m
[ 14%] Built target ament_cmake_python_build_android_controll_test_egg
cmake version 3.22.1

CMake suite maintained and supported by Kitware (kitware.com/cmake).
[ 14%] Built target android_controll_test__rosidl_generator_c
[ 17%] [34m[1mGenerating C type support for eProsima Fast-RTPS[0m
[ 19%] [32mBuilding CXX object CMakeFiles/android_controll_test__rosidl_typesupport_cpp.dir/rosidl_typesupport_cpp/android_controll_test/msg/custom_unity__type_support.cpp.o[0m
[ 19%] [32mBuilding CXX object CMakeFiles/android_controll_test__rosidl_typesupport_cpp.dir/rosidl_typesupport_cpp/android_controll_test/srv/add_three_ints__type_support.cpp.o[0m
[ 20%] [34m[1mGenerating C introspection for ROS interfaces[0m
[ 22%] [34m[1mGenerating C type support dispatch for ROS interfaces[0m
[ 23%] [32mBuilding CXX object CMakeFiles/android_controll_test__rosidl_typesupport_introspection_cpp.dir/rosidl_typesupport_introspection_cpp/android_controll_test/msg/detail/custom_unity__type_support.cpp.o[0m
[ 25%] [32mBuilding CXX object CMakeFiles/android_controll_test__rosidl_typesupport_fastrtps_cpp.dir/rosidl_typesupport_fastrtps_cpp/android_controll_test/msg/detail/dds_fastrtps/custom_unity__type_support.cpp.o[0m
[ 28%] [32mBuilding CXX object CMakeFiles/android_controll_test__rosidl_typesupport_fastrtps_cpp.dir/rosidl_typesupport_fastrtps_cpp/android_controll_test/srv/detail/dds_fastrtps/add_three_ints__type_support.cpp.o[0m
[ 26%] [32mBuilding CXX object CMakeFiles/android_controll_test__rosidl_typesupport_introspection_cpp.dir/rosidl_typesupport_introspection_cpp/android_controll_test/srv/detail/add_three_ints__type_support.cpp.o[0m
[?1h=[ 31%] [32mBuilding C object CMakeFiles/android_controll_test__rosidl_typesupport_introspection_c.dir/rosidl_typesupport_introspection_c/android_controll_test/msg/detail/custom_unity__type_support.c.o[0m
[ 31%] [32mBuilding CXX object CMakeFiles/android_controll_test__rosidl_typesupport_c.dir/rosidl_typesupport_c/android_controll_test/srv/add_three_ints__type_support.cpp.o[0m
[ 32%] [32mBuilding CXX object CMakeFiles/android_controll_test__rosidl_typesupport_c.dir/rosidl_typesupport_c/android_controll_test/msg/custom_unity__type_support.cpp.o[0m
[ 34%] [32mBuilding C object CMakeFiles/android_controll_test__rosidl_typesupport_introspection_c.dir/rosidl_typesupport_introspection_c/android_controll_test/srv/detail/add_three_ints__type_support.c.o[0m
[ 35%] [32mBuilding CXX object CMakeFiles/android_controll_test__rosidl_typesupport_fastrtps_c.dir/rosidl_typesupport_fastrtps_c/android_controll_test/msg/detail/custom_unity__type_support_c.cpp.o[0m
[ 37%] [32mBuilding CXX object CMakeFiles/android_controll_test__rosidl_typesupport_fastrtps_c.dir/rosidl_typesupport_fastrtps_c/android_controll_test/srv/detail/add_three_ints__type_support_c.cpp.o[0m
[ 38%] [32m[1mLinking CXX shared library libandroid_controll_test__rosidl_typesupport_c.so[0m
[ 40%] [32m[1mLinking CXX shared library libandroid_controll_test__rosidl_typesupport_cpp.so[0m
[ 41%] [32m[1mLinking C shared library libandroid_controll_test__rosidl_typesupport_introspection_c.so[0m
[ 41%] Built target android_controll_test__rosidl_typesupport_c
[ 43%] [32m[1mLinking CXX shared library libandroid_controll_test__rosidl_typesupport_introspection_cpp.so[0m
[ 43%] Built target android_controll_test__rosidl_typesupport_introspection_c
[ 43%] Built target android_controll_test__rosidl_typesupport_cpp
[ 44%] [32m[1mLinking CXX shared library libandroid_controll_test__rosidl_typesupport_fastrtps_cpp.so[0m
[ 46%] [32mBuilding C object CMakeFiles/android_controll_test_srv_add_three_ints__rosidl_typesupport_c.dir/rosidl_generator_cs/android_controll_test/srv/add_three_ints.ep.rosidl_typesupport_c.c.o[0m
[ 47%] [32mBuilding C object CMakeFiles/android_controll_test_custom_unity__rosidl_typesupport_c.dir/rosidl_generator_cs/android_controll_test/msg/custom_unity_s.c.o[0m
[ 49%] [32mBuilding C object CMakeFiles/android_controll_test_srv_add_three_ints__rosidl_typesupport_c.dir/rosidl_generator_cs/android_controll_test/srv/add_three_ints_s.c.o[0m
[ 52%] [32mBuilding C object CMakeFiles/android_controll_test_srv_add_three_ints__rosidl_typesupport_introspection_c.dir/rosidl_generator_cs/android_controll_test/srv/add_three_ints.ep.rosidl_typesupport_introspection_c.c.o[0m
[ 52%] [32mBuilding C object CMakeFiles/android_controll_test_custom_unity__rosidl_typesupport_c.dir/rosidl_generator_cs/android_controll_test/msg/custom_unity.ep.rosidl_typesupport_c.c.o[0m
[ 53%] [32mBuilding C object CMakeFiles/android_controll_test_custom_unity__rosidl_typesupport_introspection_c.dir/rosidl_generator_cs/android_controll_test/msg/custom_unity.ep.rosidl_typesupport_introspection_c.c.o[0m
[ 55%] [32mBuilding CXX object CMakeFiles/connecter_node.dir/src/connecter_node.cpp.o[0m
[ 55%] Built target android_controll_test__rosidl_typesupport_introspection_cpp
[ 58%] [32mBuilding C object CMakeFiles/android_controll_test_srv_add_three_ints__rosidl_typesupport_introspection_c.dir/rosidl_generator_cs/android_controll_test/srv/add_three_ints_s.c.o[0m
[ 58%] [32mBuilding C object CMakeFiles/android_controll_test_custom_unity__rosidl_typesupport_introspection_c.dir/rosidl_generator_cs/android_controll_test/msg/custom_unity_s.c.o[0m
[ 59%] [32m[1mLinking C shared library rosidl_generator_cs/android_controll_test/srv/libandroid_controll_test_srv_add_three_ints__rosidl_typesupport_c_native.so[0m
[ 61%] [32m[1mLinking C shared library rosidl_generator_cs/android_controll_test/msg/libandroid_controll_test_custom_unity__rosidl_typesupport_c_native.so[0m
[ 61%] Built target android_controll_test__rosidl_typesupport_fastrtps_cpp
[ 62%] [32m[1mLinking C shared library rosidl_generator_cs/android_controll_test/srv/libandroid_controll_test_srv_add_three_ints__rosidl_typesupport_introspection_c_native.so[0m
[ 64%] [32m[1mLinking C shared library rosidl_generator_cs/android_controll_test/msg/libandroid_controll_test_custom_unity__rosidl_typesupport_introspection_c_native.so[0m
[ 65%] Built target android_controll_test_srv_add_three_ints__rosidl_typesupport_c
[ 67%] Built target android_controll_test_custom_unity__rosidl_typesupport_c
[ 68%] Built target android_controll_test_srv_add_three_ints__rosidl_typesupport_introspection_c
[ 70%] Built target android_controll_test_custom_unity__rosidl_typesupport_introspection_c
[ 71%] [32m[1mLinking CXX shared library libandroid_controll_test__rosidl_typesupport_fastrtps_c.so[0m
[ 71%] Built target android_controll_test__rosidl_typesupport_fastrtps_c
[ 71%] Built target android_controll_test
[ 73%] [32mBuilding C object CMakeFiles/android_controll_test_custom_unity__rosidl_typesupport_fastrtps_c.dir/rosidl_generator_cs/android_controll_test/msg/custom_unity.ep.rosidl_typesupport_fastrtps_c.c.o[0m
[ 74%] [32mBuilding C object CMakeFiles/android_controll_test_custom_unity__rosidl_typesupport_fastrtps_c.dir/rosidl_generator_cs/android_controll_test/msg/custom_unity_s.c.o[0m
[ 76%] [32mBuilding C object CMakeFiles/android_controll_test_srv_add_three_ints__rosidl_typesupport_fastrtps_c.dir/rosidl_generator_cs/android_controll_test/srv/add_three_ints.ep.rosidl_typesupport_fastrtps_c.c.o[0m
[ 77%] [32mBuilding C object CMakeFiles/android_controll_test_srv_add_three_ints__rosidl_typesupport_fastrtps_c.dir/rosidl_generator_cs/android_controll_test/srv/add_three_ints_s.c.o[0m
  Determining projects to restore...
[ 79%] [34m[1mGenerating Python code for ROS interfaces[0m
[ 80%] [32m[1mLinking C shared library rosidl_generator_cs/android_controll_test/msg/libandroid_controll_test_custom_unity__rosidl_typesupport_fastrtps_c_native.so[0m
[ 82%] [32m[1mLinking C shared library rosidl_generator_cs/android_controll_test/srv/libandroid_controll_test_srv_add_three_ints__rosidl_typesupport_fastrtps_c_native.so[0m
[ 83%] Built target android_controll_test_custom_unity__rosidl_typesupport_fastrtps_c
[ 85%] Built target android_controll_test_srv_add_three_ints__rosidl_typesupport_fastrtps_c
  Restored /home/osawakousei/ros2_ws/src/android_controll_test/build/android_controll_test/android_controll_test_assembly/android_controll_test_assembly_dotnetcore.csproj (in 849 ms).
[01m[K/home/osawakousei/ros2_ws/src/android_controll_test/src/connecter_node.cpp:10:10:[m[K [01;31m[Kfatal error: [m[Kcustom_message_unity/msg/CustomUnity.hpp: „Åù„ÅÆ„Çà„ÅÜ„Å™„Éï„Ç°„Ç§„É´„ÇÑ„Éá„Ç£„É¨„ÇØ„Éà„É™„ÅØ„ÅÇ„Çä„Åæ„Åõ„Çì
   10 | #include [01;31m[K"custom_message_unity/msg/CustomUnity.hpp"[m[K
      |          [01;31m[K^~~~~~~~~~~~~~~~~~~~~~~~~~~~~~~~~~~~~~~~~~[m[K
compilation terminated.
gmake[2]: *** [CMakeFiles/connecter_node.dir/build.make:76: CMakeFiles/connecter_node.dir/src/connecter_node.cpp.o] „Ç®„É©„Éº 1
gmake[1]: *** [CMakeFiles/Makefile2:826: CMakeFiles/connecter_node.dir/all] „Ç®„É©„Éº 2
gmake[1]: *** Êú™ÂÆå‰∫Ü„ÅÆ„Ç∏„Éß„Éñ„ÇíÂæÖ„Å£„Å¶„ÅÑ„Åæ„Åô....
[ 85%] Built target android_controll_test__py
[?1h=.NET Âêë„Åë Microsoft (R) Build Engine „Éê„Éº„Ç∏„Éß„É≥ 17.0.1+b177f8fa7
Copyright (C) Microsoft Corporation.All rights reserved.

  Determining projects to restore...
  All projects are up-to-date for restore.
  android_controll_test_assembly_dotnetcore -> /home/osawakousei/ros2_ws/src/android_controll_test/build/android_controll_test/netstandard2.0/android_controll_test_assembly.dll
[39;49m[92m
„Éì„É´„Éâ„Å´ÊàêÂäü„Åó„Åæ„Åó„Åü„ÄÇ
[39;49m    0 ÂÄã„ÅÆË≠¶Âëä
[39;49m    0 „Ç®„É©„Éº
[39;49m
ÁµåÈÅéÊôÇÈñì 00:00:10.87
[ 85%] Built target android_controll_test_assembly
gmake: *** [Makefile:146: all] „Ç®„É©„Éº 2
