[1.452s] Invoking command in '/home/osawakousei/ros2_ws/src/android_controll_test/build/android_controll_test': CMAKE_PREFIX_PATH=${CMAKE_PREFIX_PATH}:/opt/ros/humble /usr/bin/cmake /home/osawakousei/ros2_ws/src/android_controll_test -DCMAKE_INSTALL_PREFIX=/home/osawakousei/ros2_ws/src/android_controll_test/install/android_controll_test
[1.624s] -- Found ament_cmake: 1.3.5 (/opt/ros/humble/share/ament_cmake/cmake)
[2.869s] -- Found rclcpp: 16.0.6 (/opt/ros/humble/share/rclcpp/cmake)
[3.117s] -- Found rosidl_generator_c: 3.1.5 (/opt/ros/humble/share/rosidl_generator_c/cmake)
[3.142s] -- Found rosidl_adapter: 3.1.5 (/opt/ros/humble/share/rosidl_adapter/cmake)
[3.194s] -- Found rosidl_generator_cpp: 3.1.5 (/opt/ros/humble/share/rosidl_generator_cpp/cmake)
[3.295s] -- Using all available rosidl_typesupport_c: rosidl_typesupport_fastrtps_c;rosidl_typesupport_introspection_c
[3.428s] -- Using all available rosidl_typesupport_cpp: rosidl_typesupport_fastrtps_cpp;rosidl_typesupport_introspection_cpp
[3.852s] -- Found rmw_implementation_cmake: 6.1.1 (/opt/ros/humble/share/rmw_implementation_cmake/cmake)
[3.869s] -- Found rmw_fastrtps_cpp: 6.2.4 (/opt/ros/humble/share/rmw_fastrtps_cpp/cmake)
[5.051s] -- Using RMW implementation 'rmw_fastrtps_cpp' as default
[6.013s] -- Found rosidl_default_generators: 1.2.0 (/home/osawakousei/ros2_ws/install/rosidl_default_generators/share/rosidl_default_generators/cmake)
[6.110s] -- Found custom_test_msgs: 0.0.0 (/home/osawakousei/ros2_ws/install/custom_test_msgs/share/custom_test_msgs/cmake)
[6.215s] -- Found custom_message_unity: 0.0.0 (/home/osawakousei/ros2_ws/install/custom_message_unity/share/custom_message_unity/cmake)
[6.327s] -- Found ament_lint_auto: 0.12.8 (/opt/ros/humble/share/ament_lint_auto/cmake)
[8.329s] -- Found ament_cmake_ros: 0.10.0 (/opt/ros/humble/share/ament_cmake_ros/cmake)
[11.058s] -- Using all available rosidl_typesupport_c: rosidl_typesupport_fastrtps_c;rosidl_typesupport_introspection_c
[12.124s] -- Using all available rosidl_typesupport_cpp: rosidl_typesupport_fastrtps_cpp;rosidl_typesupport_introspection_cpp
[12.142s] -- Found ament_cmake_export_assemblies: 0.0.0 (/home/osawakousei/ros2_ws/install/ament_cmake_export_assemblies/share/ament_cmake_export_assemblies/cmake)
[12.146s] -- Found dotnet_cmake_module: 0.0.0 (/home/osawakousei/ros2_ws/install/dotnet_cmake_module/share/dotnet_cmake_module/cmake)
[13.495s] -- Found .NET Core: 6.0.122
[13.496s] -- Using Framework: netstandard2.0
[13.496s] -- Using Framework: netstandard2.0
[13.497s] -- Using Runtime: linux-x64
[13.501s] -- Found ros2cs_common: 2.0.0 (/home/osawakousei/ros2_ws/install/ros2cs_common/share/ros2cs_common/cmake)
[13.633s] -- Generating C# code for ROS interfaces /home/osawakousei/ros2_ws/src/android_controll_test/build/android_controll_test/rosidl_generator_cs/android_controll_test/msg/custom_unity.cs and /home/osawakousei/ros2_ws/src/android_controll_test/build/android_controll_test/rosidl_generator_cs/android_controll_test/srv/add_three_ints.cs
[13.634s] -- Adding custom target
[13.638s] [0mLink libraries: android_controll_test__rosidl_typesupport_c[0m
[13.658s] [0mLink libraries: android_controll_test__rosidl_typesupport_introspection_c[0m
[13.679s] [0mLink libraries: android_controll_test__rosidl_typesupport_fastrtps_c[0m
[13.698s] [0mLink libraries: android_controll_test__rosidl_typesupport_c[0m
[13.717s] [0mLink libraries: android_controll_test__rosidl_typesupport_introspection_c[0m
[13.736s] [0mLink libraries: android_controll_test__rosidl_typesupport_fastrtps_c[0m
[13.753s] [0mInstall targets[0m
[13.977s] -- Found python_cmake_module: 0.10.0 (/opt/ros/humble/share/python_cmake_module/cmake)
[14.186s] -- Using PYTHON_EXECUTABLE: /usr/bin/python3
[14.187s] -- Using PYTHON_INCLUDE_DIRS: /usr/include/python3.10
[14.187s] -- Using PYTHON_LIBRARIES: /usr/lib/x86_64-linux-gnu/libpython3.10.so
[14.773s] -- Added test 'cppcheck' to perform static code analysis on C / C++ code
[14.777s] -- Configured cppcheck include dirs: $<BUILD_INTERFACE:/home/osawakousei/ros2_ws/src/android_controll_test/build/android_controll_test/rosidl_generator_c>;$<BUILD_INTERFACE:/home/osawakousei/ros2_ws/src/android_controll_test/build/android_controll_test/rosidl_typesupport_fastrtps_c>;$<BUILD_INTERFACE:/home/osawakousei/ros2_ws/src/android_controll_test/build/android_controll_test/rosidl_generator_cpp>;$<BUILD_INTERFACE:/home/osawakousei/ros2_ws/src/android_controll_test/build/android_controll_test/rosidl_typesupport_fastrtps_cpp>;$<BUILD_INTERFACE:/home/osawakousei/ros2_ws/src/android_controll_test/build/android_controll_test/rosidl_typesupport_introspection_c>;$<BUILD_INTERFACE:/home/osawakousei/ros2_ws/src/android_controll_test/build/android_controll_test/rosidl_typesupport_introspection_cpp>;/home/osawakousei/ros2_ws/src/android_controll_test/build/android_controll_test/rosidl_generator_c;/home/osawakousei/ros2_ws/src/android_controll_test/build/android_controll_test/rosidl_generator_cs;/home/osawakousei/ros2_ws/src/android_controll_test/build/android_controll_test/rosidl_generator_py
[14.778s] -- Configured cppcheck exclude dirs and/or files: 
[14.825s] -- Added test 'flake8' to check Python code syntax and style conventions
[14.916s] -- Added test 'lint_cmake' to check CMake code style
[14.962s] -- Added test 'pep257' to check Python code against some of the docstring style conventions in PEP 257
[15.325s] -- Added test 'uncrustify' to check C / C++ code style
[15.326s] -- Configured uncrustify additional arguments: 
[15.371s] -- Added test 'xmllint' to check XML markup files
[15.426s] -- Configuring done
[16.103s] -- Generating done
[16.136s] -- Build files have been written to: /home/osawakousei/ros2_ws/src/android_controll_test/build/android_controll_test
[16.191s] Invoked command in '/home/osawakousei/ros2_ws/src/android_controll_test/build/android_controll_test' returned '0': CMAKE_PREFIX_PATH=${CMAKE_PREFIX_PATH}:/opt/ros/humble /usr/bin/cmake /home/osawakousei/ros2_ws/src/android_controll_test -DCMAKE_INSTALL_PREFIX=/home/osawakousei/ros2_ws/src/android_controll_test/install/android_controll_test
[16.211s] Invoking command in '/home/osawakousei/ros2_ws/src/android_controll_test/build/android_controll_test': CMAKE_PREFIX_PATH=${CMAKE_PREFIX_PATH}:/opt/ros/humble /usr/bin/cmake --build /home/osawakousei/ros2_ws/src/android_controll_test/build/android_controll_test -- -j12 -l12
[16.943s] [  1%] [34m[1mGenerating C code for ROS interfaces[0m
[17.133s] [  2%] [34m[1mGenerating C++ code for ROS interfaces[0m
[17.174s] [  4%] [34m[1mGenerating C# code for ROS interfaces[0m
[17.290s] [  4%] Built target ament_cmake_python_copy_android_controll_test
[19.103s] [  4%] Built target android_controll_test__cpp
[19.332s] [  5%] [32mBuilding C object CMakeFiles/android_controll_test__rosidl_generator_c.dir/rosidl_generator_c/android_controll_test/msg/detail/custom_unity__functions.c.o[0m
[19.341s] [  7%] [32mBuilding C object CMakeFiles/android_controll_test__rosidl_generator_c.dir/rosidl_generator_c/android_controll_test/srv/detail/add_three_ints__functions.c.o[0m
[19.360s] [  8%] [34m[1mGenerating C++ type support dispatch for ROS interfaces[0m
[19.388s] [ 10%] [34m[1mGenerating C++ type support for eProsima Fast-RTPS[0m
[19.397s] [ 11%] [34m[1mGenerating C++ introspection for ROS interfaces[0m
[19.406s] [ 11%] Built target android_controll_test__cs
[19.990s] [ 13%] [34m[1m/usr/bin/cmake;-version;/usr/bin/dotnet restore android_controll_test_assembly_dotnetcore.csproj;          /usr/bin/dotnet build android_controll_test_assembly_dotnetcore.csproj -> /home/osawakousei/ros2_ws/src/android_controll_test/build/android_controll_test/android_controll_test_assembly[0m
[20.060s] running egg_info
[20.068s] creating android_controll_test.egg-info
[20.069s] writing android_controll_test.egg-info/PKG-INFO
[20.070s] writing dependency_links to android_controll_test.egg-info/dependency_links.txt
[20.073s] writing top-level names to android_controll_test.egg-info/top_level.txt
[20.073s] writing manifest file 'android_controll_test.egg-info/SOURCES.txt'
[20.107s] reading manifest file 'android_controll_test.egg-info/SOURCES.txt'
[20.108s] writing manifest file 'android_controll_test.egg-info/SOURCES.txt'
[20.279s] [ 14%] [32m[1mLinking C shared library libandroid_controll_test__rosidl_generator_c.so[0m
[20.370s] [ 14%] Built target ament_cmake_python_build_android_controll_test_egg
[20.774s] cmake version 3.22.1
[20.775s] 
[20.775s] CMake suite maintained and supported by Kitware (kitware.com/cmake).
[21.113s] [ 14%] Built target android_controll_test__rosidl_generator_c
[21.417s] [ 17%] [34m[1mGenerating C type support for eProsima Fast-RTPS[0m
[21.418s] [ 19%] [32mBuilding CXX object CMakeFiles/android_controll_test__rosidl_typesupport_cpp.dir/rosidl_typesupport_cpp/android_controll_test/msg/custom_unity__type_support.cpp.o[0m
[21.418s] [ 19%] [32mBuilding CXX object CMakeFiles/android_controll_test__rosidl_typesupport_cpp.dir/rosidl_typesupport_cpp/android_controll_test/srv/add_three_ints__type_support.cpp.o[0m
[21.419s] [ 20%] [34m[1mGenerating C introspection for ROS interfaces[0m
[21.530s] [ 22%] [34m[1mGenerating C type support dispatch for ROS interfaces[0m
[21.572s] [ 23%] [32mBuilding CXX object CMakeFiles/android_controll_test__rosidl_typesupport_introspection_cpp.dir/rosidl_typesupport_introspection_cpp/android_controll_test/msg/detail/custom_unity__type_support.cpp.o[0m
[21.637s] [ 25%] [32mBuilding CXX object CMakeFiles/android_controll_test__rosidl_typesupport_fastrtps_cpp.dir/rosidl_typesupport_fastrtps_cpp/android_controll_test/msg/detail/dds_fastrtps/custom_unity__type_support.cpp.o[0m
[21.638s] [ 28%] [32mBuilding CXX object CMakeFiles/android_controll_test__rosidl_typesupport_fastrtps_cpp.dir/rosidl_typesupport_fastrtps_cpp/android_controll_test/srv/detail/dds_fastrtps/add_three_ints__type_support.cpp.o[0m
[21.675s] [ 26%] [32mBuilding CXX object CMakeFiles/android_controll_test__rosidl_typesupport_introspection_cpp.dir/rosidl_typesupport_introspection_cpp/android_controll_test/srv/detail/add_three_ints__type_support.cpp.o[0m
[24.331s] [?1h=[ 31%] [32mBuilding C object CMakeFiles/android_controll_test__rosidl_typesupport_introspection_c.dir/rosidl_typesupport_introspection_c/android_controll_test/msg/detail/custom_unity__type_support.c.o[0m
[24.334s] [ 31%] [32mBuilding CXX object CMakeFiles/android_controll_test__rosidl_typesupport_c.dir/rosidl_typesupport_c/android_controll_test/srv/add_three_ints__type_support.cpp.o[0m
[24.456s] [ 32%] [32mBuilding CXX object CMakeFiles/android_controll_test__rosidl_typesupport_c.dir/rosidl_typesupport_c/android_controll_test/msg/custom_unity__type_support.cpp.o[0m
[24.500s] [ 34%] [32mBuilding C object CMakeFiles/android_controll_test__rosidl_typesupport_introspection_c.dir/rosidl_typesupport_introspection_c/android_controll_test/srv/detail/add_three_ints__type_support.c.o[0m
[24.789s] [ 35%] [32mBuilding CXX object CMakeFiles/android_controll_test__rosidl_typesupport_fastrtps_c.dir/rosidl_typesupport_fastrtps_c/android_controll_test/msg/detail/custom_unity__type_support_c.cpp.o[0m
[25.362s] [ 37%] [32mBuilding CXX object CMakeFiles/android_controll_test__rosidl_typesupport_fastrtps_c.dir/rosidl_typesupport_fastrtps_c/android_controll_test/srv/detail/add_three_ints__type_support_c.cpp.o[0m
[25.479s] [ 38%] [32m[1mLinking CXX shared library libandroid_controll_test__rosidl_typesupport_c.so[0m
[25.629s] [ 40%] [32m[1mLinking CXX shared library libandroid_controll_test__rosidl_typesupport_cpp.so[0m
[25.701s] [ 41%] [32m[1mLinking C shared library libandroid_controll_test__rosidl_typesupport_introspection_c.so[0m
[26.538s] [ 41%] Built target android_controll_test__rosidl_typesupport_c
[26.558s] [ 43%] [32m[1mLinking CXX shared library libandroid_controll_test__rosidl_typesupport_introspection_cpp.so[0m
[26.790s] [ 43%] Built target android_controll_test__rosidl_typesupport_introspection_c
[26.858s] [ 43%] Built target android_controll_test__rosidl_typesupport_cpp
[27.070s] [ 44%] [32m[1mLinking CXX shared library libandroid_controll_test__rosidl_typesupport_fastrtps_cpp.so[0m
[27.197s] [ 46%] [32mBuilding C object CMakeFiles/android_controll_test_srv_add_three_ints__rosidl_typesupport_c.dir/rosidl_generator_cs/android_controll_test/srv/add_three_ints.ep.rosidl_typesupport_c.c.o[0m
[27.220s] [ 47%] [32mBuilding C object CMakeFiles/android_controll_test_custom_unity__rosidl_typesupport_c.dir/rosidl_generator_cs/android_controll_test/msg/custom_unity_s.c.o[0m
[27.306s] [ 49%] [32mBuilding C object CMakeFiles/android_controll_test_srv_add_three_ints__rosidl_typesupport_c.dir/rosidl_generator_cs/android_controll_test/srv/add_three_ints_s.c.o[0m
[27.452s] [ 52%] [32mBuilding C object CMakeFiles/android_controll_test_srv_add_three_ints__rosidl_typesupport_introspection_c.dir/rosidl_generator_cs/android_controll_test/srv/add_three_ints.ep.rosidl_typesupport_introspection_c.c.o[0m
[27.452s] [ 52%] [32mBuilding C object CMakeFiles/android_controll_test_custom_unity__rosidl_typesupport_c.dir/rosidl_generator_cs/android_controll_test/msg/custom_unity.ep.rosidl_typesupport_c.c.o[0m
[27.529s] [ 53%] [32mBuilding C object CMakeFiles/android_controll_test_custom_unity__rosidl_typesupport_introspection_c.dir/rosidl_generator_cs/android_controll_test/msg/custom_unity.ep.rosidl_typesupport_introspection_c.c.o[0m
[27.578s] [ 55%] [32mBuilding CXX object CMakeFiles/connecter_node.dir/src/connecter_node.cpp.o[0m
[27.872s] [ 55%] Built target android_controll_test__rosidl_typesupport_introspection_cpp
[28.144s] [ 58%] [32mBuilding C object CMakeFiles/android_controll_test_srv_add_three_ints__rosidl_typesupport_introspection_c.dir/rosidl_generator_cs/android_controll_test/srv/add_three_ints_s.c.o[0m
[28.146s] [ 58%] [32mBuilding C object CMakeFiles/android_controll_test_custom_unity__rosidl_typesupport_introspection_c.dir/rosidl_generator_cs/android_controll_test/msg/custom_unity_s.c.o[0m
[28.354s] [ 59%] [32m[1mLinking C shared library rosidl_generator_cs/android_controll_test/srv/libandroid_controll_test_srv_add_three_ints__rosidl_typesupport_c_native.so[0m
[28.379s] [ 61%] [32m[1mLinking C shared library rosidl_generator_cs/android_controll_test/msg/libandroid_controll_test_custom_unity__rosidl_typesupport_c_native.so[0m
[28.813s] [ 61%] Built target android_controll_test__rosidl_typesupport_fastrtps_cpp
[28.974s] [ 62%] [32m[1mLinking C shared library rosidl_generator_cs/android_controll_test/srv/libandroid_controll_test_srv_add_three_ints__rosidl_typesupport_introspection_c_native.so[0m
[29.013s] [ 64%] [32m[1mLinking C shared library rosidl_generator_cs/android_controll_test/msg/libandroid_controll_test_custom_unity__rosidl_typesupport_introspection_c_native.so[0m
[29.230s] [ 65%] Built target android_controll_test_srv_add_three_ints__rosidl_typesupport_c
[29.273s] [ 67%] Built target android_controll_test_custom_unity__rosidl_typesupport_c
[29.540s] [ 68%] Built target android_controll_test_srv_add_three_ints__rosidl_typesupport_introspection_c
[29.596s] [ 70%] Built target android_controll_test_custom_unity__rosidl_typesupport_introspection_c
[29.620s] [ 71%] [32m[1mLinking CXX shared library libandroid_controll_test__rosidl_typesupport_fastrtps_c.so[0m
[30.563s] [ 71%] Built target android_controll_test__rosidl_typesupport_fastrtps_c
[31.073s] [ 71%] Built target android_controll_test
[31.074s] [ 73%] [32mBuilding C object CMakeFiles/android_controll_test_custom_unity__rosidl_typesupport_fastrtps_c.dir/rosidl_generator_cs/android_controll_test/msg/custom_unity.ep.rosidl_typesupport_fastrtps_c.c.o[0m
[31.078s] [ 74%] [32mBuilding C object CMakeFiles/android_controll_test_custom_unity__rosidl_typesupport_fastrtps_c.dir/rosidl_generator_cs/android_controll_test/msg/custom_unity_s.c.o[0m
[31.088s] [ 76%] [32mBuilding C object CMakeFiles/android_controll_test_srv_add_three_ints__rosidl_typesupport_fastrtps_c.dir/rosidl_generator_cs/android_controll_test/srv/add_three_ints.ep.rosidl_typesupport_fastrtps_c.c.o[0m
[31.102s] [ 77%] [32mBuilding C object CMakeFiles/android_controll_test_srv_add_three_ints__rosidl_typesupport_fastrtps_c.dir/rosidl_generator_cs/android_controll_test/srv/add_three_ints_s.c.o[0m
[31.293s]   Determining projects to restore...
[31.628s] [ 79%] [34m[1mGenerating Python code for ROS interfaces[0m
[31.907s] [ 80%] [32m[1mLinking C shared library rosidl_generator_cs/android_controll_test/msg/libandroid_controll_test_custom_unity__rosidl_typesupport_fastrtps_c_native.so[0m
[31.913s] [ 82%] [32m[1mLinking C shared library rosidl_generator_cs/android_controll_test/srv/libandroid_controll_test_srv_add_three_ints__rosidl_typesupport_fastrtps_c_native.so[0m
[32.507s] [ 83%] Built target android_controll_test_custom_unity__rosidl_typesupport_fastrtps_c
[32.564s] [ 85%] Built target android_controll_test_srv_add_three_ints__rosidl_typesupport_fastrtps_c
[33.288s]   Restored /home/osawakousei/ros2_ws/src/android_controll_test/build/android_controll_test/android_controll_test_assembly/android_controll_test_assembly_dotnetcore.csproj (in 849 ms).
[33.663s] [01m[K/home/osawakousei/ros2_ws/src/android_controll_test/src/connecter_node.cpp:10:10:[m[K [01;31m[Kfatal error: [m[Kcustom_message_unity/msg/CustomUnity.hpp: „Åù„ÅÆ„Çà„ÅÜ„Å™„Éï„Ç°„Ç§„É´„ÇÑ„Éá„Ç£„É¨„ÇØ„Éà„É™„ÅØ„ÅÇ„Çä„Åæ„Åõ„Çì
[33.664s]    10 | #include [01;31m[K"custom_message_unity/msg/CustomUnity.hpp"[m[K
[33.665s]       |          [01;31m[K^~~~~~~~~~~~~~~~~~~~~~~~~~~~~~~~~~~~~~~~~~[m[K
[33.665s] compilation terminated.
[33.677s] gmake[2]: *** [CMakeFiles/connecter_node.dir/build.make:76: CMakeFiles/connecter_node.dir/src/connecter_node.cpp.o] „Ç®„É©„Éº 1
[33.680s] gmake[1]: *** [CMakeFiles/Makefile2:826: CMakeFiles/connecter_node.dir/all] „Ç®„É©„Éº 2
[33.680s] gmake[1]: *** Êú™ÂÆå‰∫Ü„ÅÆ„Ç∏„Éß„Éñ„ÇíÂæÖ„Å£„Å¶„ÅÑ„Åæ„Åô....
[33.794s] [ 85%] Built target android_controll_test__py
[35.115s] [?1h=.NET Âêë„Åë Microsoft (R) Build Engine „Éê„Éº„Ç∏„Éß„É≥ 17.0.1+b177f8fa7
[35.116s] Copyright (C) Microsoft Corporation.All rights reserved.
[35.116s] 
[38.170s]   Determining projects to restore...
[39.433s]   All projects are up-to-date for restore.
[46.795s]   android_controll_test_assembly_dotnetcore -> /home/osawakousei/ros2_ws/src/android_controll_test/build/android_controll_test/netstandard2.0/android_controll_test_assembly.dll
[46.835s] [39;49m[92m
[46.836s] „Éì„É´„Éâ„Å´ÊàêÂäü„Åó„Åæ„Åó„Åü„ÄÇ
[46.836s] [39;49m    0 ÂÄã„ÅÆË≠¶Âëä
[46.837s] [39;49m    0 „Ç®„É©„Éº
[46.838s] [39;49m
[46.838s] ÁµåÈÅéÊôÇÈñì 00:00:10.87
[47.043s] [ 85%] Built target android_controll_test_assembly
[47.050s] gmake: *** [Makefile:146: all] „Ç®„É©„Éº 2
[47.073s] Invoked command in '/home/osawakousei/ros2_ws/src/android_controll_test/build/android_controll_test' returned '2': CMAKE_PREFIX_PATH=${CMAKE_PREFIX_PATH}:/opt/ros/humble /usr/bin/cmake --build /home/osawakousei/ros2_ws/src/android_controll_test/build/android_controll_test -- -j12 -l12
