[  3%] Built target android_controll_test__cpp
[ 12%] Built target android_controll_test__rosidl_generator_c
[ 21%] Built target android_controll_test__rosidl_typesupport_cpp
[ 21%] Built target ament_cmake_python_copy_android_controll_test
[ 30%] Built target android_controll_test__rosidl_typesupport_fastrtps_cpp
[ 39%] Built target android_controll_test__rosidl_typesupport_introspection_c
[ 48%] Built target android_controll_test__rosidl_typesupport_introspection_cpp
[ 57%] Built target android_controll_test__rosidl_typesupport_fastrtps_c
[ 66%] Built target android_controll_test__rosidl_typesupport_c
[35m[1mConsolidate compiler generated dependencies of target connecter_node[0m
[ 69%] [32mBuilding CXX object CMakeFiles/connecter_node.dir/src/connecter_node.cpp.o[0m
[ 69%] Built target android_controll_test
[ 72%] Built target android_controll_test__py
[ 78%] Built target android_controll_test__rosidl_generator_py
[ 84%] Built target android_controll_test__rosidl_typesupport_fastrtps_c__pyext
[ 90%] Built target android_controll_test__rosidl_typesupport_c__pyext
[ 96%] Built target android_controll_test__rosidl_typesupport_introspection_c__pyext
running egg_info
writing android_controll_test.egg-info/PKG-INFO
[01m[K/home/osawakousei/ros2_ws/src/android_controll_test/src/connecter_node.cpp:10:10:[m[K [01;31m[Kfatal error: [m[Kcustom_test_msgs/srv/add_three_ints.hpp: ãã®ã‚ˆã†ãªãƒ•ã‚¡ã‚¤ãƒ«ã‚„ãƒ‡ã‚£ãƒ¬ã‚¯ãƒˆãƒªã¯ã‚ã‚Šã¾ã›ã‚“
   10 | #include [01;31m[K"custom_test_msgs/srv/add_three_ints.hpp"[m[K
      |          [01;31m[K^~~~~~~~~~~~~~~~~~~~~~~~~~~~~~~~~~~~~~~~~[m[K
compilation terminated.
writing dependency_links to android_controll_test.egg-info/dependency_links.txt
writing top-level names to android_controll_test.egg-info/top_level.txt
gmake[2]: *** [CMakeFiles/connecter_node.dir/build.make:76: CMakeFiles/connecter_node.dir/src/connecter_node.cpp.o] ã‚¨ãƒ©ãƒ¼ 1
gmake[1]: *** [CMakeFiles/Makefile2:593: CMakeFiles/connecter_node.dir/all] ã‚¨ãƒ©ãƒ¼ 2
gmake[1]: *** æœªå®Œäº†ã®ã‚¸ãƒ§ãƒ–ã‚’å¾…ã£ã¦ã„ã¾ã™....
reading manifest file 'android_controll_test.egg-info/SOURCES.txt'
writing manifest file 'android_controll_test.egg-info/SOURCES.txt'
[ 96%] Built target ament_cmake_python_build_android_controll_test_egg
gmake: *** [Makefile:146: all] ã‚¨ãƒ©ãƒ¼ 2
