[0.239s] Invoking command in '/home/osawakousei/ros2_ws/build/android_controll_test': CMAKE_PREFIX_PATH=${CMAKE_PREFIX_PATH}:/opt/ros/humble /usr/bin/cmake --build /home/osawakousei/ros2_ws/build/android_controll_test -- -j8 -l8
[0.492s] [  3%] Built target android_controll_test__cpp
[0.605s] [ 12%] Built target android_controll_test__rosidl_generator_c
[0.812s] [ 21%] Built target android_controll_test__rosidl_typesupport_cpp
[0.827s] [ 21%] Built target ament_cmake_python_copy_android_controll_test
[0.894s] [ 30%] Built target android_controll_test__rosidl_typesupport_fastrtps_cpp
[0.950s] [ 39%] Built target android_controll_test__rosidl_typesupport_introspection_c
[0.978s] [ 48%] Built target android_controll_test__rosidl_typesupport_introspection_cpp
[1.003s] [ 57%] Built target android_controll_test__rosidl_typesupport_fastrtps_c
[1.076s] [ 66%] Built target android_controll_test__rosidl_typesupport_c
[1.099s] [35m[1mConsolidate compiler generated dependencies of target connecter_node[0m
[1.395s] [ 69%] [32mBuilding CXX object CMakeFiles/connecter_node.dir/src/connecter_node.cpp.o[0m
[1.509s] [ 69%] Built target android_controll_test
[1.841s] [ 72%] Built target android_controll_test__py
[2.117s] [ 78%] Built target android_controll_test__rosidl_generator_py
[2.403s] [ 84%] Built target android_controll_test__rosidl_typesupport_fastrtps_c__pyext
[2.464s] [ 90%] Built target android_controll_test__rosidl_typesupport_c__pyext
[2.511s] [ 96%] Built target android_controll_test__rosidl_typesupport_introspection_c__pyext
[3.144s] running egg_info
[3.147s] writing android_controll_test.egg-info/PKG-INFO
[3.150s] [01m[K/home/osawakousei/ros2_ws/src/android_controll_test/src/connecter_node.cpp:10:10:[m[K [01;31m[Kfatal error: [m[Kcustom_test_msgs/srv/add_three_ints.hpp: „Åù„ÅÆ„Çà„ÅÜ„Å™„Éï„Ç°„Ç§„É´„ÇÑ„Éá„Ç£„É¨„ÇØ„Éà„É™„ÅØ„ÅÇ„Çä„Åæ„Åõ„Çì
[3.150s]    10 | #include [01;31m[K"custom_test_msgs/srv/add_three_ints.hpp"[m[K
[3.150s]       |          [01;31m[K^~~~~~~~~~~~~~~~~~~~~~~~~~~~~~~~~~~~~~~~~[m[K
[3.151s] compilation terminated.
[3.151s] writing dependency_links to android_controll_test.egg-info/dependency_links.txt
[3.153s] writing top-level names to android_controll_test.egg-info/top_level.txt
[3.156s] gmake[2]: *** [CMakeFiles/connecter_node.dir/build.make:76: CMakeFiles/connecter_node.dir/src/connecter_node.cpp.o] „Ç®„É©„Éº 1
[3.158s] gmake[1]: *** [CMakeFiles/Makefile2:593: CMakeFiles/connecter_node.dir/all] „Ç®„É©„Éº 2
[3.158s] gmake[1]: *** Êú™ÂÆå‰∫Ü„ÅÆ„Ç∏„Éß„Éñ„ÇíÂæÖ„Å£„Å¶„ÅÑ„Åæ„Åô....
[3.163s] reading manifest file 'android_controll_test.egg-info/SOURCES.txt'
[3.167s] writing manifest file 'android_controll_test.egg-info/SOURCES.txt'
[3.278s] [ 96%] Built target ament_cmake_python_build_android_controll_test_egg
[3.283s] gmake: *** [Makefile:146: all] „Ç®„É©„Éº 2
[3.292s] Invoked command in '/home/osawakousei/ros2_ws/build/android_controll_test' returned '2': CMAKE_PREFIX_PATH=${CMAKE_PREFIX_PATH}:/opt/ros/humble /usr/bin/cmake --build /home/osawakousei/ros2_ws/build/android_controll_test -- -j8 -l8
