[0.056s] Invoking command in '/home/osawakousei/ros2_ws/src/cpp_topic_pubsub/build/cpp_topic_pubsub': CMAKE_PREFIX_PATH=${CMAKE_PREFIX_PATH}:/opt/ros/humble /usr/bin/cmake --build /home/osawakousei/ros2_ws/src/cpp_topic_pubsub/build/cpp_topic_pubsub -- -j8 -l8
[0.146s] -- Found ament_cmake: 1.3.5 (/opt/ros/humble/share/ament_cmake/cmake)
[0.601s] -- Found rclcpp: 16.0.5 (/opt/ros/humble/share/rclcpp/cmake)
[0.677s] -- Found rosidl_generator_c: 3.1.5 (/opt/ros/humble/share/rosidl_generator_c/cmake)
[0.685s] -- Found rosidl_adapter: 3.1.5 (/opt/ros/humble/share/rosidl_adapter/cmake)
[0.700s] -- Found rosidl_generator_cpp: 3.1.5 (/opt/ros/humble/share/rosidl_generator_cpp/cmake)
[0.731s] -- Using all available rosidl_typesupport_c: rosidl_typesupport_fastrtps_c;rosidl_typesupport_introspection_c
[0.776s] -- Using all available rosidl_typesupport_cpp: rosidl_typesupport_fastrtps_cpp;rosidl_typesupport_introspection_cpp
[0.921s] -- Found rmw_implementation_cmake: 6.1.1 (/opt/ros/humble/share/rmw_implementation_cmake/cmake)
[0.925s] -- Found rmw_fastrtps_cpp: 6.2.3 (/opt/ros/humble/share/rmw_fastrtps_cpp/cmake)
[1.257s] -- Using RMW implementation 'rmw_fastrtps_cpp' as default
[1.665s] -- Found rosidl_default_generators: 1.2.0 (/opt/ros/humble/share/rosidl_default_generators/cmake)
[1.687s] -- Found ament_lint_auto: 0.12.7 (/opt/ros/humble/share/ament_lint_auto/cmake)
[2.373s] [31mCMake Error at /opt/ros/humble/share/rosidl_adapter/cmake/rosidl_adapt_interfaces.cmake:59 (message):
[2.374s]   execute_process(/usr/bin/python3.10 -m rosidl_adapter --package-name
[2.374s]   cpp_topic_pubsub --arguments-file
[2.375s]   /home/osawakousei/ros2_ws/src/cpp_topic_pubsub/build/cpp_topic_pubsub/rosidl_adapter__arguments__cpp_topic_pubsub.json
[2.376s]   --output-dir
[2.376s]   /home/osawakousei/ros2_ws/src/cpp_topic_pubsub/build/cpp_topic_pubsub/rosidl_adapter/cpp_topic_pubsub
[2.376s]   --output-file
[2.376s]   /home/osawakousei/ros2_ws/src/cpp_topic_pubsub/build/cpp_topic_pubsub/rosidl_adapter/cpp_topic_pubsub.idls)
[2.376s]   returned error code 1:
[2.377s] 
[2.377s]   Error processing ' string name' of 'cpp_topic_pubsub/PracticeMsg': 'string
[2.378s]   index out of range'
[2.378s] 
[2.378s]   Traceback (most recent call last):
[2.379s] 
[2.379s]     File "/usr/lib/python3.10/runpy.py", line 196, in _run_module_as_main
[2.379s]       return _run_code(code, main_globals, None,
[2.379s]     File "/usr/lib/python3.10/runpy.py", line 86, in _run_code
[2.380s]       exec(code, run_globals)
[2.380s]     File "/opt/ros/humble/local/lib/python3.10/dist-packages/rosidl_adapter/__main__.py", line 19, in <module>
[2.380s]       sys.exit(main())
[2.380s]     File "/opt/ros/humble/local/lib/python3.10/dist-packages/rosidl_adapter/main.py", line 53, in main
[2.381s]       abs_idl_file = convert_to_idl(
[2.381s]     File "/opt/ros/humble/local/lib/python3.10/dist-packages/rosidl_adapter/__init__.py", line 19, in convert_to_idl
[2.381s]       return convert_msg_to_idl(
[2.381s]     File "/opt/ros/humble/local/lib/python3.10/dist-packages/rosidl_adapter/msg/__init__.py", line 28, in convert_msg_to_idl
[2.382s]       msg = parse_message_string(package_name, input_file.stem, content)
[2.382s]     File "/opt/ros/humble/local/lib/python3.10/dist-packages/rosidl_adapter/parser.py", line 520, in parse_message_string
[2.383s]       Type(type_string, context_package_name=pkg_name),
[2.383s]     File "/opt/ros/humble/local/lib/python3.10/dist-packages/rosidl_adapter/parser.py", line 241, in __init__
[2.383s]       self.is_array = type_string[-1] == ']'
[2.384s] 
[2.384s]   IndexError: string index out of range
[2.384s] 
[2.385s] Call Stack (most recent call first):
[2.385s]   /opt/ros/humble/share/rosidl_cmake/cmake/rosidl_generate_interfaces.cmake:130 (rosidl_adapt_interfaces)
[2.385s]   CMakeLists.txt:31 (rosidl_generate_interfaces)
[2.385s] 
[2.386s] [0m
[2.386s] -- Configuring incomplete, errors occurred!
[2.386s] See also "/home/osawakousei/ros2_ws/src/cpp_topic_pubsub/build/cpp_topic_pubsub/CMakeFiles/CMakeOutput.log".
[2.402s] gmake: *** [Makefile:829: cmake_check_build_system] ã‚¨ãƒ©ãƒ¼ 1
[2.411s] Invoked command in '/home/osawakousei/ros2_ws/src/cpp_topic_pubsub/build/cpp_topic_pubsub' returned '2': CMAKE_PREFIX_PATH=${CMAKE_PREFIX_PATH}:/opt/ros/humble /usr/bin/cmake --build /home/osawakousei/ros2_ws/src/cpp_topic_pubsub/build/cpp_topic_pubsub -- -j8 -l8
